<?xml version="1.0" encoding="UTF-8" ?>
<testsuite tests="5" failures="0" name="com.netcracker.lesson.CalculatorTest" time="0.003" errors="0" skipped="0">
  <properties>
    <property name="idea.version" value="2021.2.2"/>
    <property name="java.runtime.name" value="OpenJDK Runtime Environment"/>
    <property name="sun.boot.library.path" value="C:\Users\Professional\.jdks\corretto-1.8.0_282\jre\bin"/>
    <property name="java.vm.version" value="25.282-b08"/>
    <property name="user.country.format" value="US"/>
    <property name="java.vm.vendor" value="Amazon.com Inc."/>
    <property name="maven.multiModuleProjectDirectory" value="C:\Users\Professional\IdeaProjects\NetCracker\autumn2021_ProdanovMD"/>
    <property name="java.vendor.url" value="https://aws.amazon.com/corretto/"/>
    <property name="path.separator" value=";"/>
    <property name="guice.disable.misplaced.annotation.check" value="true"/>
    <property name="java.vm.name" value="OpenJDK 64-Bit Server VM"/>
    <property name="file.encoding.pkg" value="sun.io"/>
    <property name="user.script" value=""/>
    <property name="user.country" value="RU"/>
    <property name="sun.java.launcher" value="SUN_STANDARD"/>
    <property name="sun.os.patch.level" value=""/>
    <property name="java.vm.specification.name" value="Java Virtual Machine Specification"/>
    <property name="user.dir" value="C:\Users\Professional\IdeaProjects\NetCracker\autumn2021_ProdanovMD"/>
    <property name="java.runtime.version" value="1.8.0_282-b08"/>
    <property name="java.awt.graphicsenv" value="sun.awt.Win32GraphicsEnvironment"/>
    <property name="java.endorsed.dirs" value="C:\Users\Professional\.jdks\corretto-1.8.0_282\jre\lib\endorsed"/>
    <property name="os.arch" value="amd64"/>
    <property name="java.io.tmpdir" value="C:\Users\PROFES~1\AppData\Local\Temp\"/>
    <property name="line.separator" value="
"/>
    <property name="java.vm.specification.vendor" value="Oracle Corporation"/>
    <property name="user.variant" value=""/>
    <property name="os.name" value="Windows 10"/>
    <property name="maven.ext.class.path" value="C:\Program Files\JetBrains\IntelliJ IDEA 2020.3.3\plugins\maven\lib\maven-event-listener.jar"/>
    <property name="classworlds.conf" value="C:\Program Files\JetBrains\IntelliJ IDEA 2020.3.3\plugins\maven\lib\maven3\bin\m2.conf"/>
    <property name="sun.jnu.encoding" value="Cp1251"/>
    <property name="java.library.path" value="C:\Users\Professional\.jdks\corretto-1.8.0_282\bin;C:\Windows\Sun\Java\bin;C:\Windows\system32;C:\Windows;C:\Program Files (x86)\NVIDIA Corporation\PhysX\Common;C:\Windows\system32;C:\Windows;C:\Windows\System32\Wbem;C:\Windows\System32\WindowsPowerShell\v1.0\;C:\Windows\System32\OpenSSH\;C:\Program Files\Git\cmd;C:\xampp\php;C:\ProgramData\ComposerSetup\bin;C:\Program Files\Symfony;C:\Program Files\JetBrains\IntelliJ IDEA 2020.3.3\jbr\bin;C:\Program Files\dotnet\;C:\Program Files\apache-maven-3.8.3\bin;C:\Users\Professional\AppData\Local\Programs\Python\Python38\Scripts\;C:\Users\Professional\AppData\Local\Programs\Python\Python38\;C:\Users\Professional\AppData\Local\Microsoft\WindowsApps;C:\Program Files\JetBrains\PyCharm Community Edition 2020.3.1\bin;C:\Program Files\JetBrains\IntelliJ IDEA 2020.3.3\bin;C:\Program Files\JetBrains\PhpStorm 2020.3.3\bin;C:\Users\Professional\AppData\Roaming\Composer\vendor\bin;C:\Users\Professional\AppData\Local\Programs\Fiddler;C:\Program Files\gretl;C:\Users\Professional\.dotnet\tools;C:\Program Files\apache-maven-3.8.3\bin;;."/>
    <property name="maven.conf" value="C:\Program Files\JetBrains\IntelliJ IDEA 2020.3.3\plugins\maven\lib\maven3/conf"/>
    <property name="java.specification.name" value="Java Platform API Specification"/>
    <property name="java.class.version" value="52.0"/>
    <property name="sun.management.compiler" value="HotSpot 64-Bit Tiered Compilers"/>
    <property name="os.version" value="10.0"/>
    <property name="user.home" value="C:\Users\Professional"/>
    <property name="user.timezone" value="GMT+04:00"/>
    <property name="java.awt.printerjob" value="sun.awt.windows.WPrinterJob"/>
    <property name="java.specification.version" value="1.8"/>
    <property name="file.encoding" value="UTF-8"/>
    <property name="user.name" value="Professional"/>
    <property name="java.class.path" value="C:\Program Files\JetBrains\IntelliJ IDEA 2020.3.3\plugins\maven\lib\maven3\boot\plexus-classworlds-2.6.0.jar;C:\Program Files\JetBrains\IntelliJ IDEA 2020.3.3\plugins\maven\lib\maven3\boot\plexus-classworlds.license;C:\Program Files\JetBrains\IntelliJ IDEA 2020.3.3\lib\idea_rt.jar"/>
    <property name="java.vm.specification.version" value="1.8"/>
    <property name="sun.arch.data.model" value="64"/>
    <property name="java.home" value="C:\Users\Professional\.jdks\corretto-1.8.0_282\jre"/>
    <property name="sun.java.command" value="org.codehaus.classworlds.Launcher -Didea.version=2021.2.2 clean package"/>
    <property name="java.specification.vendor" value="Oracle Corporation"/>
    <property name="user.language" value="ru"/>
    <property name="user.language.format" value="en"/>
    <property name="awt.toolkit" value="sun.awt.windows.WToolkit"/>
    <property name="java.vm.info" value="mixed mode"/>
    <property name="java.version" value="1.8.0_282"/>
    <property name="java.ext.dirs" value="C:\Users\Professional\.jdks\corretto-1.8.0_282\jre\lib\ext;C:\Windows\Sun\Java\lib\ext"/>
    <property name="sun.boot.class.path" value="C:\Users\Professional\.jdks\corretto-1.8.0_282\jre\lib\resources.jar;C:\Users\Professional\.jdks\corretto-1.8.0_282\jre\lib\rt.jar;C:\Users\Professional\.jdks\corretto-1.8.0_282\jre\lib\sunrsasign.jar;C:\Users\Professional\.jdks\corretto-1.8.0_282\jre\lib\jsse.jar;C:\Users\Professional\.jdks\corretto-1.8.0_282\jre\lib\jce.jar;C:\Users\Professional\.jdks\corretto-1.8.0_282\jre\lib\charsets.jar;C:\Users\Professional\.jdks\corretto-1.8.0_282\jre\lib\jfr.jar;C:\Users\Professional\.jdks\corretto-1.8.0_282\jre\classes"/>
    <property name="java.vendor" value="Amazon.com Inc."/>
    <property name="maven.home" value="C:\Program Files\JetBrains\IntelliJ IDEA 2020.3.3\plugins\maven\lib\maven3"/>
    <property name="file.separator" value="\"/>
    <property name="java.vendor.url.bug" value="https://github.com/corretto/corretto-8/issues/"/>
    <property name="sun.cpu.endian" value="little"/>
    <property name="sun.io.unicode.encoding" value="UnicodeLittle"/>
    <property name="sun.desktop" value="windows"/>
    <property name="sun.cpu.isalist" value="amd64"/>
  </properties>
  <testcase classname="com.netcracker.lesson.CalculatorTest" name="divideTest" time="0.003"/>
  <testcase classname="com.netcracker.lesson.CalculatorTest" name="addTest" time="0"/>
  <testcase classname="com.netcracker.lesson.CalculatorTest" name="multiplyTest" time="0"/>
  <testcase classname="com.netcracker.lesson.CalculatorTest" name="divideNegativeTest" time="0"/>
  <testcase classname="com.netcracker.lesson.CalculatorTest" name="subtractTest" time="0"/>
</testsuite>